Drill report for pid_controller.kicad_pcb
Created on 5/13/2023 4:33:56 PM

Copper Layer Stackup:
    =============================================================
    L1 :  F.Cu                      front
    L2 :  B.Cu                      back


Drill file 'pid_controller-PTH.drl' contains
    plated through holes:
    =============================================================
    T1  0.400mm  0.0157"  (3 holes)
    T2  0.800mm  0.0315"  (37 holes)
    T3  0.900mm  0.0354"  (2 holes)
    T4  1.000mm  0.0394"  (66 holes)
    T5  1.100mm  0.0433"  (11 holes)
    T6  1.320mm  0.0520"  (4 holes)
    T7  2.500mm  0.0984"  (4 holes)
    T8  3.500mm  0.1378"  (4 holes)

    Total plated holes count 131


Drill file 'pid_controller-NPTH.drl' contains
    unplated through holes:
    =============================================================

    Total unplated holes count 0
